<?xml version="1.0" encoding="UTF-8"?>
<!-- Generated by org.testng.reporters.JUnitXMLReporter -->
<testsuite ignored="0" hostname="LAPTOP-OUL494H3" failures="0" tests="3" name="Test" time="0.073" errors="0" timestamp="2023-09-22T12:27:17 IST">
  <testcase classname="ui.BeforeAfterSuiteDemo" name="test1" time="0.006"/>
  <testcase classname="ui.BeforeAfterSuiteDemo" name="test2" time="0.003"/>
  <testcase classname="ui.BeforeAfterSuiteDemo" name="test3" time="0.003"/>
</testsuite> <!-- Test -->
