<?xml version="1.0" encoding="UTF-8"?>
<!-- Generated by org.testng.reporters.JUnitXMLReporter -->
<testsuite ignored="4" hostname="LAPTOP-OUL494H3" failures="0" tests="4" name="GRP-smoke" time="0.117" errors="0" timestamp="2023-09-22T12:10:40 IST">
  <testcase classname="ui.GroupsTest" name="test1" time="0.01"/>
  <testcase classname="ui.GroupsTest" name="test2" time="0.002"/>
  <testcase classname="ui.BeforeGroupsAfterGroupsDemo" name="test1" time="0.002"/>
  <testcase classname="ui.BeforeGroupsAfterGroupsDemo" name="test2" time="0.001"/>
  <testcase classname="ui.BeforeGroupsAfterGroupsDemo" name="test3" time="0.0">
    <ignored/>
  </testcase> <!-- test3 -->
  <testcase classname="ui.GroupsTest" name="test3" time="0.0">
    <ignored/>
  </testcase> <!-- test3 -->
  <testcase classname="ui.GroupsTest" name="test4" time="0.0">
    <ignored/>
  </testcase> <!-- test4 -->
  <testcase classname="ui.BeforeGroupsAfterGroupsDemo" name="test4" time="0.0">
    <ignored/>
  </testcase> <!-- test4 -->
</testsuite> <!-- GRP-smoke -->
