<?xml version="1.0" encoding="UTF-8"?>
<!-- Generated by org.testng.reporters.JUnitXMLReporter -->
<testsuite ignored="1" hostname="LAPTOP-OUL494H3" failures="0" tests="3" name="GRP-regression" time="0.109" errors="0" timestamp="2023-09-21T19:51:20 IST">
  <testcase classname="ui.GroupsTest" name="test2" time="0.011"/>
  <testcase classname="ui.GroupsTest" name="test3" time="0.002"/>
  <testcase classname="ui.GroupsTest" name="test4" time="0.004"/>
  <testcase classname="ui.GroupsTest" name="test1" time="0.0">
    <ignored/>
  </testcase> <!-- test1 -->
</testsuite> <!-- GRP-regression -->
