<?xml version="1.0" encoding="UTF-8"?>
<!-- Generated by org.testng.reporters.JUnitXMLReporter -->
<testsuite ignored="0" hostname="LAPTOP-OUL494H3" failures="1" tests="1" name="Reading parameters from testng.xml" time="0.1" errors="0" timestamp="2023-09-22T16:21:17 IST">
  <testcase classname="ui.PassParameterFromTestngxml" name="readingParameter" time="0.0">
    <failure type="org.testng.TestNGException" message="
Cannot inject @Test annotated Method [readingParameter] with [class java.lang.String, class java.lang.String].
For more information on native dependency injection please refer to https://testng.org/doc/documentation-main.html#native-dependency-injection">
      <![CDATA[org.testng.TestNGException: 
Cannot inject @Test annotated Method [readingParameter] with [class java.lang.String, class java.lang.String].
For more information on native dependency injection please refer to https://testng.org/doc/documentation-main.html#native-dependency-injection
at java.base/java.util.ArrayList.forEach(ArrayList.java:1511)
... Removed 26 stack frames]]>
    </failure>
  </testcase> <!-- readingParameter -->
</testsuite> <!-- Reading parameters from testng.xml -->
