<?xml version="1.0" encoding="UTF-8"?>
<testng-results ignored="0" total="4" passed="4" failed="0" skipped="0">
  <reporter-output>
  </reporter-output>
  <suite started-at="2023-09-23T15:11:46 IST" name="Default suite" finished-at="2023-09-23T15:11:46 IST" duration-ms="183">
    <groups>
    </groups>
    <test started-at="2023-09-23T15:11:46 IST" name="Default test" finished-at="2023-09-23T15:11:46 IST" duration-ms="183">
      <class name="ui.ListenerClassDemo">
        <test-method signature="test1()[pri:0, instance:ui.ListenerClassDemo@26d9b808]" started-at="2023-09-23T15:11:46 IST" name="test1" finished-at="2023-09-23T15:11:46 IST" duration-ms="22" status="PASS">
          <reporter-output>
          </reporter-output>
        </test-method> <!-- test1 -->
        <test-method signature="test2()[pri:0, instance:ui.ListenerClassDemo@26d9b808]" started-at="2023-09-23T15:11:46 IST" name="test2" finished-at="2023-09-23T15:11:46 IST" duration-ms="2" status="PASS">
          <reporter-output>
          </reporter-output>
        </test-method> <!-- test2 -->
        <test-method signature="test3()[pri:0, instance:ui.ListenerClassDemo@26d9b808]" started-at="2023-09-23T15:11:46 IST" name="test3" finished-at="2023-09-23T15:11:46 IST" duration-ms="5" status="PASS">
          <reporter-output>
          </reporter-output>
        </test-method> <!-- test3 -->
        <test-method signature="test4()[pri:0, instance:ui.ListenerClassDemo@26d9b808]" started-at="2023-09-23T15:11:46 IST" name="test4" finished-at="2023-09-23T15:11:46 IST" duration-ms="9" status="PASS">
          <reporter-output>
          </reporter-output>
        </test-method> <!-- test4 -->
      </class> <!-- ui.ListenerClassDemo -->
    </test> <!-- Default test -->
  </suite> <!-- Default suite -->
</testng-results>
