<?xml version="1.0" encoding="UTF-8"?>
<!-- Generated by org.testng.reporters.JUnitXMLReporter -->
<testsuite ignored="4" hostname="LAPTOP-OUL494H3" failures="0" tests="2" name="Groups Test" time="0.088" errors="0" timestamp="2023-09-21T20:38:28 IST">
  <testcase classname="ui.GroupsTest" name="test1" time="0.013"/>
  <testcase classname="ui.GroupsTest" name="test2" time="0.003"/>
  <testcase classname="ui.LoginTest" name="test1" time="0.0">
    <ignored/>
  </testcase> <!-- test1 -->
  <testcase classname="ui.LoginTest" name="test2" time="0.0">
    <ignored/>
  </testcase> <!-- test2 -->
  <testcase classname="ui.GroupsTest" name="test4" time="0.0">
    <ignored/>
  </testcase> <!-- test4 -->
  <testcase classname="ui.GroupsTest" name="test3" time="0.0">
    <ignored/>
  </testcase> <!-- test3 -->
</testsuite> <!-- Groups Test -->
