<?xml version="1.0" encoding="UTF-8"?>
<!-- Generated by org.testng.reporters.JUnitXMLReporter -->
<testsuite ignored="0" hostname="LAPTOP-OUL494H3" failures="0" tests="4" name="Listener Demo" time="0.09" errors="0" timestamp="2023-09-22T20:41:26 IST">
  <testcase classname="ui.ListenerClassDemo" name="test1" time="0.012"/>
  <testcase classname="ui.ListenerClassDemo" name="test2" time="0.002"/>
  <testcase classname="ui.ListenerClassDemo" name="test3" time="0.002"/>
  <testcase classname="ui.ListenerClassDemo" name="test4" time="0.002"/>
</testsuite> <!-- Listener Demo -->
